<?xml version="1.0" encoding="UTF-8"?>
<!-- Generated by org.testng.reporters.JUnitReportReporter -->
<testsuite hostname="ATMECSINDT-012" failures="0" tests="2" name="com.falcon.qa.testcases.DashboardPageTest" time="45.943" errors="0" timestamp="2019-08-02T16:50:22 IST" skipped="0">
  <testcase classname="com.falcon.qa.testcases.DashboardPageTest" name="verifyProductlinkTest" time="26.587"/>
  <testcase classname="com.falcon.qa.testcases.DashboardPageTest" name="clickonLinkByNameTest" time="19.356"/>
</testsuite> <!-- com.falcon.qa.testcases.DashboardPageTest -->
