<?xml version="1.0" encoding="UTF-8"?>
<!-- Generated by org.testng.reporters.JUnitReportReporter -->
<testsuite hostname="ATMECSINDT-012" failures="0" tests="2" name="com.falcon.qa.testcases.ProductsnapshotPageTest" time="65.541" errors="0" timestamp="2019-08-01T15:40:25 IST" skipped="0">
  <testcase classname="com.falcon.qa.testcases.ProductsnapshotPageTest" name="gnh" time="54.803"/>
  <testcase classname="com.falcon.qa.testcases.ProductsnapshotPageTest" name="initialization" time="10.738"/>
</testsuite> <!-- com.falcon.qa.testcases.ProductsnapshotPageTest -->
