<?xml version="1.0" encoding="UTF-8"?>
<!-- Generated by org.testng.reporters.JUnitReportReporter -->
<testsuite hostname="ATMECSINDT-012" failures="0" tests="1" name="com.falcon.qa.pages.DashboardPage" time="5.215" errors="0" timestamp="2019-07-30T16:42:09 IST" skipped="0">
  <testcase classname="com.falcon.qa.pages.DashboardPage" name="initialization" time="5.215"/>
</testsuite> <!-- com.falcon.qa.pages.DashboardPage -->
