<?xml version="1.0" encoding="UTF-8"?>
<!-- Generated by org.testng.reporters.JUnitReportReporter -->
<testsuite hostname="ATMECSINDT-012" failures="0" tests="2" name="com.falcon.qa.pages.ProductsnapshotPage" time="37.866" errors="0" timestamp="2019-08-01T15:18:28 IST" skipped="0">
  <testcase classname="com.falcon.qa.pages.ProductsnapshotPage" name="tedgh" time="25.349"/>
  <testcase classname="com.falcon.qa.pages.ProductsnapshotPage" name="initialization" time="12.517"/>
</testsuite> <!-- com.falcon.qa.pages.ProductsnapshotPage -->
