<?xml version="1.0" encoding="UTF-8"?>
<!-- Generated by org.testng.reporters.JUnitReportReporter -->
<testsuite hostname="ATMECSINDT-012" failures="0" tests="1" name="com.falcon.qa.base.TestBase" time="11.295" errors="0" timestamp="2019-07-30T16:22:58 IST" skipped="0">
  <testcase classname="com.falcon.qa.base.TestBase" name="initialization" time="11.295"/>
</testsuite> <!-- com.falcon.qa.base.TestBase -->
