<?xml version="1.0" encoding="UTF-8"?>
<!-- Generated by org.testng.reporters.JUnitReportReporter -->
<testsuite hostname="ATMECSINDT-012" failures="0" tests="1" name="com.falcon.qa.testcases.ViewPageTest" time="38.857" errors="0" timestamp="2019-08-02T20:12:08 IST" skipped="0">
  <testcase classname="com.falcon.qa.testcases.ViewPageTest" name="verifyResultCountByToggle" time="38.857"/>
</testsuite> <!-- com.falcon.qa.testcases.ViewPageTest -->
